This file contains any messages produced by compilers while
running configure, to aid debugging if configure makes a mistake.

It was created by configure, which was
generated by GNU Autoconf 2.61.  Invocation command line was

  $ ./configure --prefix=/usr

## --------- ##
## Platform. ##
## --------- ##

hostname = zombi
uname -m = i686
uname -r = 2.6.24-21-generic
uname -s = Linux
uname -v = #1 SMP Mon Aug 25 17:32:09 UTC 2008

/usr/bin/uname -p = unknown
/bin/uname -X     = unknown

/bin/arch              = unknown
/usr/bin/arch -k       = unknown
/usr/convex/getsysinfo = unknown
/usr/bin/hostinfo      = unknown
/bin/machine           = unknown
/usr/bin/oslevel       = unknown
/bin/universe          = unknown

PATH: /usr/local/sbin
PATH: /usr/local/bin
PATH: /usr/sbin
PATH: /usr/bin
PATH: /sbin
PATH: /bin
PATH: /usr/games
PATH: /home/kegie/bin


## ----------- ##
## Core tests. ##
## ----------- ##

configure:1711: checking for a BSD-compatible install
configure:1767: result: /usr/bin/install -c
configure:1778: checking whether build environment is sane
configure:1821: result: yes
configure:1886: checking for gawk
configure:1902: found /usr/bin/gawk
configure:1913: result: gawk
configure:1924: checking whether make sets $(MAKE)
configure:1945: result: yes
configure:2130: checking whether to enable maintainer-specific portions of Makefiles
configure:2139: result: no
configure:2165: checking for python
configure:2183: found /usr/bin/python
configure:2195: result: /usr/bin/python
configure:2218: checking for python version
configure:2225: result: 2.5
configure:2237: checking for python platform
configure:2244: result: linux2
configure:2251: checking for python script directory
configure:2259: result: ${prefix}/lib/python2.5/site-packages
configure:2268: checking for python extension module directory
configure:2276: result: ${exec_prefix}/lib/python2.5/site-packages
configure:2339: checking for pkg-config
configure:2357: found /usr/bin/pkg-config
configure:2369: result: /usr/bin/pkg-config
configure:2398: checking pkg-config is at least version 0.9.0
configure:2401: result: yes
configure:2412: checking for PYGTK
configure:2420: $PKG_CONFIG --exists --print-errors "pygtk-2.0"
configure:2423: $? = 0
configure:2438: $PKG_CONFIG --exists --print-errors "pygtk-2.0"
configure:2441: $? = 0
configure:2517: result: yes
configure:2663: creating ./config.status

## ---------------------- ##
## Running config.status. ##
## ---------------------- ##

This file was extended by config.status, which was
generated by GNU Autoconf 2.61.  Invocation command line was

  CONFIG_FILES    = 
  CONFIG_HEADERS  = 
  CONFIG_LINKS    = 
  CONFIG_COMMANDS = 
  $ ./config.status 

on zombi

config.status:604: creating Makefile
config.status:604: creating src/Makefile
config.status:604: creating src/globals.py
config.status:604: creating servers/Makefile

## ---------------- ##
## Cache variables. ##
## ---------------- ##

ac_cv_env_PKG_CONFIG_set=
ac_cv_env_PKG_CONFIG_value=
ac_cv_env_PYGTK_CFLAGS_set=
ac_cv_env_PYGTK_CFLAGS_value=
ac_cv_env_PYGTK_LIBS_set=
ac_cv_env_PYGTK_LIBS_value=
ac_cv_env_build_alias_set=
ac_cv_env_build_alias_value=
ac_cv_env_host_alias_set=
ac_cv_env_host_alias_value=
ac_cv_env_target_alias_set=
ac_cv_env_target_alias_value=
ac_cv_path_PYTHON=/usr/bin/python
ac_cv_path_ac_pt_PKG_CONFIG=/usr/bin/pkg-config
ac_cv_path_install='/usr/bin/install -c'
ac_cv_prog_AWK=gawk
ac_cv_prog_make_make_set=yes
am_cv_python_platform=linux2
am_cv_python_pyexecdir='${exec_prefix}/lib/python2.5/site-packages'
am_cv_python_pythondir='${prefix}/lib/python2.5/site-packages'
am_cv_python_version=2.5
pkg_cv_PYGTK_CFLAGS='-I/usr/include/pygtk-2.0 -I/usr/include/glib-2.0 -I/usr/lib/glib-2.0/include  '
pkg_cv_PYGTK_LIBS='-lffi -lgobject-2.0 -lglib-2.0  '

## ----------------- ##
## Output variables. ##
## ----------------- ##

ACLOCAL='${SHELL} /home/kegie/workspace/colorapplet/missing --run aclocal-1.9'
AMTAR='${SHELL} /home/kegie/workspace/colorapplet/missing --run tar'
AUTOCONF='${SHELL} /home/kegie/workspace/colorapplet/missing --run autoconf'
AUTOHEADER='${SHELL} /home/kegie/workspace/colorapplet/missing --run autoheader'
AUTOMAKE='${SHELL} /home/kegie/workspace/colorapplet/missing --run automake-1.9'
AWK='gawk'
CYGPATH_W='echo'
DEFS='-DPACKAGE_NAME=\"\" -DPACKAGE_TARNAME=\"\" -DPACKAGE_VERSION=\"\" -DPACKAGE_STRING=\"\" -DPACKAGE_BUGREPORT=\"\" -DPACKAGE=\"colorapplet\" -DVERSION=\"1.0\"'
ECHO_C=''
ECHO_N='-n'
ECHO_T=''
INSTALL_DATA='${INSTALL} -m 644'
INSTALL_PROGRAM='${INSTALL}'
INSTALL_SCRIPT='${INSTALL}'
INSTALL_STRIP_PROGRAM='${SHELL} $(install_sh) -c -s'
LIBOBJS=''
LIBS=''
LTLIBOBJS=''
MAINT='#'
MAINTAINER_MODE_FALSE=''
MAINTAINER_MODE_TRUE='#'
MAKEINFO='${SHELL} /home/kegie/workspace/colorapplet/missing --run makeinfo'
PACKAGE='colorapplet'
PACKAGE_BUGREPORT=''
PACKAGE_NAME=''
PACKAGE_STRING=''
PACKAGE_TARNAME=''
PACKAGE_VERSION=''
PATH_SEPARATOR=':'
PKG_CONFIG='/usr/bin/pkg-config'
PYGTK_CFLAGS='-I/usr/include/pygtk-2.0 -I/usr/include/glib-2.0 -I/usr/lib/glib-2.0/include  '
PYGTK_LIBS='-lffi -lgobject-2.0 -lglib-2.0  '
PYTHON='/usr/bin/python'
PYTHON_EXEC_PREFIX='${exec_prefix}'
PYTHON_PLATFORM='linux2'
PYTHON_PREFIX='${prefix}'
PYTHON_VERSION='2.5'
SET_MAKE=''
SHELL='/bin/bash'
STRIP=''
VERSION='1.0'
am__leading_dot='.'
am__tar='${AMTAR} chof - "$$tardir"'
am__untar='${AMTAR} xf -'
bindir='${exec_prefix}/bin'
build_alias=''
datadir='${datarootdir}'
datarootdir='${prefix}/share'
docdir='${datarootdir}/doc/${PACKAGE}'
dvidir='${docdir}'
exec_prefix='${prefix}'
host_alias=''
htmldir='${docdir}'
includedir='${prefix}/include'
infodir='${datarootdir}/info'
install_sh='/home/kegie/workspace/colorapplet/install-sh'
libdir='${exec_prefix}/lib'
libexecdir='${exec_prefix}/libexec'
localedir='${datarootdir}/locale'
localstatedir='${prefix}/var'
mandir='${datarootdir}/man'
mkdir_p='mkdir -p --'
oldincludedir='/usr/include'
pdfdir='${docdir}'
pkgpyexecdir='${pyexecdir}/colorapplet'
pkgpythondir='${pythondir}/colorapplet'
prefix='/usr'
program_transform_name='s,x,x,'
psdir='${docdir}'
pyexecdir='${exec_prefix}/lib/python2.5/site-packages'
pythondir='${prefix}/lib/python2.5/site-packages'
sbindir='${exec_prefix}/sbin'
sharedstatedir='${prefix}/com'
sysconfdir='${prefix}/etc'
target_alias=''

## ----------- ##
## confdefs.h. ##
## ----------- ##

#define PACKAGE_NAME ""
#define PACKAGE_TARNAME ""
#define PACKAGE_VERSION ""
#define PACKAGE_STRING ""
#define PACKAGE_BUGREPORT ""
#define PACKAGE "colorapplet"
#define VERSION "1.0"

configure: exit 0
